<?xml version="1.0" encoding="UTF-8"?>
<!-- Generated by org.testng.reporters.JUnitXMLReporter -->
<testsuite ignored="0" hostname="HMSandip_123" failures="1" tests="3" name="EdgeTest" time="63.726" errors="0" timestamp="2023-12-20T21:30:16 IST">
  <testcase classname="TestCases.TestCase_02LoginCreateNewCustomerLogout" name="logIn" time="8.93"/>
  <testcase classname="TestCases.TestCase_02LoginCreateNewCustomerLogout" name="createCustomer" time="21.96">
    <failure type="java.lang.NullPointerException" message="Cannot invoke &amp;quot;org.apache.poi.ss.usermodel.Sheet.getRow(int)&amp;quot; because the return value of &amp;quot;org.apache.poi.ss.usermodel.Workbook.getSheet(String)&amp;quot; is null">
      <![CDATA[java.lang.NullPointerException: Cannot invoke "org.apache.poi.ss.usermodel.Sheet.getRow(int)" because the return value of "org.apache.poi.ss.usermodel.Workbook.getSheet(String)" is null
at generics.ExcelLibrary.getStringTypeCellData1(ExcelLibrary.java:87)
at POM.ActiTimeCreateNewCustomerPage.customerNameTextfieldMethod(ActiTimeCreateNewCustomerPage.java:39)
at TestCases.TestCase_02LoginCreateNewCustomerLogout.createCustomer(TestCase_02LoginCreateNewCustomerLogout.java:35)
at java.base/java.util.ArrayList.forEach(ArrayList.java:1511)
... Removed 25 stack frames]]>
    </failure>
  </testcase> <!-- createCustomer -->
  <testcase classname="TestCases.TestCase_02LoginCreateNewCustomerLogout" name="logout" time="0.0">
    <skipped/>
  </testcase> <!-- logout -->
</testsuite> <!-- EdgeTest -->
